── Attaching packages ─────────────────────────────────────── tidyverse 1.3.1 ──
✔ ggplot2 3.3.5     ✔ purrr   0.3.4
✔ tibble  3.1.6     ✔ dplyr   1.0.7
✔ tidyr   1.1.3     ✔ stringr 1.4.0
✔ readr   1.4.0     ✔ forcats 0.5.1
── Conflicts ────────────────────────────────────────── tidyverse_conflicts() ──
✖ dplyr::filter() masks stats::filter()
✖ dplyr::lag()    masks stats::lag()

Attaching package: ‘magrittr’

The following object is masked from ‘package:purrr’:

    set_names

The following object is masked from ‘package:tidyr’:

    extract


Attaching package: ‘drake’

The following objects are masked from ‘package:tidyr’:

    expand, gather

Loading required package: ape
Loading required package: deSolve
Loading required package: GenSA
Loading required package: subplex
Loading required package: nloptr

Attaching package: ‘future’

The following object is masked from ‘package:drake’:

    plan


Attaching package: ‘batchtools’

The following object is masked from ‘package:purrr’:

    flatten


Attaching package: ‘data.table’

The following objects are masked from ‘package:dplyr’:

    between, first, last

The following object is masked from ‘package:purrr’:

    transpose

Error in `[[<-.data.frame`(`*tmp*`, i, value = list(edge = c(101L, 101L,  : 
  replacement has 4 rows, data has 31
Calls: load.subset -> [[<- -> [[<-.data.frame
Execution halted
